"R:/UE/Papia_GGJ_2021/Content/snake_game.uasset" 0
"R:/UE/Papia_GGJ_2021/Content/FirstPerson/Character/Mesh/SK_Mannequin_Arms_Skeleton.uasset" 1
"R:/UE/Papia_GGJ_2021/Content/FirstPerson/Animations/FirstPerson_Fire.uasset" 2
"R:/UE/Papia_GGJ_2021/Content/FirstPerson/Animations/FirstPersonFire_Montage.uasset" 3
"R:/UE/Papia_GGJ_2021/Content/FirstPerson/Audio/FirstPersonTemplateWeaponFire02.uasset" 4
"R:/UE/Papia_GGJ_2021/Content/FirstPerson/Animations/FirstPerson_Idle.uasset" 5
"R:/UE/Papia_GGJ_2021/Content/FirstPerson/Animations/FirstPerson_JumpEnd.uasset" 6
"R:/UE/Papia_GGJ_2021/Content/FirstPerson/Animations/FirstPerson_JumpLoop.uasset" 7
"R:/UE/Papia_GGJ_2021/Content/FirstPerson/Animations/FirstPerson_JumpStart.uasset" 8
"R:/UE/Papia_GGJ_2021/Content/FirstPerson/Animations/FirstPerson_Run.uasset" 9
"../../../Engine/Content/EditorBlueprintResources/StandardMacros.uasset" 10
"R:/UE/Papia_GGJ_2021/Content/FirstPerson/Animations/FirstPerson_AnimBP.uasset" 11
"R:/UE/Papia_GGJ_2021/Content/FirstPerson/Character/Mesh/FirstPersonAnimBlueprint_Copy.uasset" 12
"../../../Engine/Content/Functions/Engine_MaterialFunctions02/Utility/BlendAngleCorrectedNormals.uasset" 13
"../../../Engine/Content/Functions/MaterialLayerFunctions/MatLayerBlend_NormalBlend.uasset" 14
"../../../Engine/Content/Functions/MaterialLayerFunctions/MatLayerBlend_Simple.uasset" 15
"R:/UE/Papia_GGJ_2021/Content/FirstPerson/Character/Materials/MaterialLayers/T_ML_Rubber_Blue_01_D.uasset" 16
"R:/UE/Papia_GGJ_2021/Content/FirstPerson/Character/Materials/MaterialLayers/T_ML_Rubber_Blue_01_N.uasset" 17
"R:/UE/Papia_GGJ_2021/Content/FirstPerson/Character/Materials/MaterialLayers/ML_GlossyBlack_Latex_UE4.uasset" 18
"R:/UE/Papia_GGJ_2021/Content/FirstPerson/Character/Materials/MaterialLayers/ML_Plastic_Shiny_Beige.uasset" 19
"R:/UE/Papia_GGJ_2021/Content/FirstPerson/Character/Textures/UE4_LOGO_CARD.uasset" 20
"R:/UE/Papia_GGJ_2021/Content/FirstPerson/Character/Materials/MaterialLayers/ML_Plastic_Shiny_Beige_LOGO.uasset" 21
"R:/UE/Papia_GGJ_2021/Content/FirstPerson/Character/Materials/MaterialLayers/T_ML_Aluminum01.uasset" 22
"R:/UE/Papia_GGJ_2021/Content/FirstPerson/Character/Materials/MaterialLayers/T_ML_Aluminum01_N.uasset" 23
"R:/UE/Papia_GGJ_2021/Content/FirstPerson/Character/Materials/MaterialLayers/ML_SoftMetal_UE4.uasset" 24
"R:/UE/Papia_GGJ_2021/Content/FirstPerson/Character/Textures/UE4_Mannequin__normals.uasset" 25
"R:/UE/Papia_GGJ_2021/Content/FirstPerson/Character/Textures/UE4_Mannequin_MAT_MASKA.uasset" 26
"R:/UE/Papia_GGJ_2021/Content/FirstPerson/Character/Materials/M_UE4Man_Body.uasset" 27
"R:/UE/Papia_GGJ_2021/Content/FirstPerson/Character/Mesh/SK_Mannequin_Arms_PhysicsAsset.uasset" 28
"R:/UE/Papia_GGJ_2021/Content/FirstPerson/Character/Mesh/SK_Mannequin_Arms.uasset" 29
"R:/UE/Papia_GGJ_2021/Content/FirstPerson/FPWeapon/Materials/MaterialLayers/ML_Plastic_Shiny_Beige_LOGO.uasset" 30
"R:/UE/Papia_GGJ_2021/Content/FirstPerson/FPWeapon/Materials/MaterialLayers/T_ML_FineRubber.uasset" 31
"R:/UE/Papia_GGJ_2021/Content/FirstPerson/FPWeapon/Mesh/SK_FPGun_Skeleton.uasset" 32
"R:/UE/Papia_GGJ_2021/Content/FirstPerson/FPWeapon/Materials/MaterialLayers/T_ML_Aluminum01_N.uasset" 33
"R:/UE/Papia_GGJ_2021/Content/FirstPerson/FPWeapon/Materials/MaterialLayers/T_ML_Aluminum01.uasset" 34
"R:/UE/Papia_GGJ_2021/Content/FirstPerson/FPWeapon/Materials/MaterialLayers/ML_SoftMetal_UE4.uasset" 35
"R:/UE/Papia_GGJ_2021/Content/FirstPerson/FPWeapon/Textures/T_FPGun_N.uasset" 36
"R:/UE/Papia_GGJ_2021/Content/FirstPerson/FPWeapon/Textures/T_FPGun_M.uasset" 37
"R:/UE/Papia_GGJ_2021/Content/FirstPerson/FPWeapon/Materials/MaterialLayers/ML_Screen.uasset" 38
"R:/UE/Papia_GGJ_2021/Content/FirstPerson/FPWeapon/Materials/MaterialLayers/ML_Plastic_Shiny_Beige.uasset" 39
"R:/UE/Papia_GGJ_2021/Content/FirstPerson/FPWeapon/Materials/MaterialLayers/T_ML_Rubber_Blue_01_D.uasset" 40
"R:/UE/Papia_GGJ_2021/Content/FirstPerson/FPWeapon/Materials/MaterialLayers/T_ML_Rubber_Blue_01_N.uasset" 41
"R:/UE/Papia_GGJ_2021/Content/FirstPerson/FPWeapon/Materials/MaterialLayers/ML_GlossyBlack_Latex_UE4.uasset" 42
"R:/UE/Papia_GGJ_2021/Content/FirstPerson/FPWeapon/Materials/M_FPGun.uasset" 43
"R:/UE/Papia_GGJ_2021/Content/FirstPerson/FPWeapon/Mesh/SK_FPGun.uasset" 44
"R:/UE/Papia_GGJ_2021/Content/FirstPerson/FPWeapon/Mesh/SK_FPGun_PhysicsAsset.uasset" 45
"R:/UE/Papia_GGJ_2021/Content/FirstPerson/Meshes/BaseMaterial.uasset" 46
"R:/UE/Papia_GGJ_2021/Content/FirstPerson/Meshes/CubeMaterialOverride.uasset" 47
"R:/UE/Papia_GGJ_2021/Content/FirstPersonBP/FirstPersonOverview.uasset" 48
"R:/UE/Papia_GGJ_2021/Content/mt-content/Sound_Effects/ZAK-DUCK/JUMP_1.uasset" 49
"R:/UE/Papia_GGJ_2021/Content/mt-content/Sound_Effects/ZAK-DUCK/EATEN_1.uasset" 50
"R:/UE/Papia_GGJ_2021/Content/mt-content/snakes/SNEK.uasset" 51
"../../../Engine/Content/EngineResources/WhiteSquareTexture.uasset" 52
"../../../Engine/Content/EngineResources/DefaultTexture.uasset" 53
"../../../Engine/Content/EngineMaterials/FlatNormal.uasset" 54
"../../../Engine/Content/Functions/Engine_MaterialFunctions01/Texturing/FlattenNormal.uasset" 55
"../../Plugins/Enterprise/DatasmithContent/Content/Materials/SketchUpMaster.uasset" 56
"R:/UE/Papia_GGJ_2021/Content/snake_game/game_2_temp__2016_/Textures/uv_map_reference.uasset" 57
"R:/UE/Papia_GGJ_2021/Content/snake_game/game_2_temp__2016_/Materials/snake_out.uasset" 58
"R:/UE/Papia_GGJ_2021/Content/snake_game/game_2_temp__2016_/Geometries/Group_5_4.uasset" 59
"R:/UE/Papia_GGJ_2021/Content/StarterContent/Textures/T_Tech_Hex_Tile_N.uasset" 60
"R:/UE/Papia_GGJ_2021/Content/StarterContent/Textures/T_Tech_Hex_Tile_M.uasset" 61
"R:/UE/Papia_GGJ_2021/Content/StarterContent/Textures/T_MacroVariation.uasset" 62
"R:/UE/Papia_GGJ_2021/Content/StarterContent/Materials/M_Tech_Hex_Tile_Pulse.uasset" 63
"R:/UE/Papia_GGJ_2021/Content/StarterContent/Materials/M_Tech_Hex_Tile.uasset" 64
"R:/UE/Papia_GGJ_2021/Content/mt-content/snakes/Snake_body_5.uasset" 65
"R:/UE/Papia_GGJ_2021/Content/snake_game/game_2_temp__2016_/Geometries/Group_5_5.uasset" 66
"R:/UE/Papia_GGJ_2021/Content/mt-content/snakes/Snake_body_4.uasset" 67
"R:/UE/Papia_GGJ_2021/Content/snake_game/game_2_temp__2016_/Materials/uv_map_6.uasset" 68
"R:/UE/Papia_GGJ_2021/Content/snake_game/game_2_temp__2016_/Geometries/Group_5_2.uasset" 69
"R:/UE/Papia_GGJ_2021/Content/mt-content/snakes/Snake_body_3.uasset" 70
"R:/UE/Papia_GGJ_2021/Content/snake_game/game_2_temp__2016_/Geometries/Group_5.uasset" 71
"R:/UE/Papia_GGJ_2021/Content/mt-content/snakes/Snake_body_2.uasset" 72
"R:/UE/Papia_GGJ_2021/Content/snake_game/game_2_temp__2016_/Geometries/Group_5_3.uasset" 73
"R:/UE/Papia_GGJ_2021/Content/mt-content/snakes/Snake_body_1.uasset" 74
"R:/UE/Papia_GGJ_2021/Content/mt-content/Sound_Effects/Mitsos/Video_Game_1.uasset" 75
"R:/UE/Papia_GGJ_2021/Content/mt-content/UI/G1_UI.uasset" 76
"R:/UE/Papia_GGJ_2021/Content/mt-content/FirstPersonCharacter.uasset" 77
"R:/UE/Papia_GGJ_2021/Content/mt-content/FirstPersonGameMode.uasset" 78
"R:/UE/Papia_GGJ_2021/Content/FirstPersonBP/Blueprints/FirstPersonGameMode.uasset" 79
"R:/UE/Papia_GGJ_2021/Content/FirstPerson/Textures/FirstPersonCrosshair.uasset" 80
"R:/UE/Papia_GGJ_2021/Content/FirstPersonBP/Blueprints/FirstPersonHUD.uasset" 81
"R:/UE/Papia_GGJ_2021/Content/FirstPerson/Meshes/FirstPersonProjectileMaterial.uasset" 82
"R:/UE/Papia_GGJ_2021/Content/FirstPerson/Meshes/FirstPersonProjectileMesh.uasset" 83
"R:/UE/Papia_GGJ_2021/Content/FirstPersonBP/Blueprints/FirstPersonProjectile.uasset" 84
"R:/UE/Papia_GGJ_2021/Content/Geometry/Meshes/CubeMaterial.uasset" 85
"R:/UE/Papia_GGJ_2021/Content/Geometry/Meshes/1M_Cube_Chamfer.uasset" 86
"R:/UE/Papia_GGJ_2021/Content/Geometry/Meshes/TemplateFloor.uasset" 87
"R:/UE/Papia_GGJ_2021/Content/mt-content/snakes/snake.uasset" 88
"R:/UE/Papia_GGJ_2021/Content/mt-content/snakes/snake_1.uasset" 89
"R:/UE/Papia_GGJ_2021/Content/mt-content/snakes/snke_3.uasset" 90
"R:/UE/Papia_GGJ_2021/Content/mt-content/Sound_Effects/song.uasset" 91
"R:/UE/Papia_GGJ_2021/Content/mt-content/Sound_Effects/LADNAVAR-BGM-DEMOZ/snek_cathedral_1CH1.uasset" 92
"R:/UE/Papia_GGJ_2021/Content/mt-content/Sound_Effects/Mitsos/Big_Boing.uasset" 93
"R:/UE/Papia_GGJ_2021/Content/mt-content/Sound_Effects/Mitsos/Bite.uasset" 94
"R:/UE/Papia_GGJ_2021/Content/mt-content/Sound_Effects/Mitsos/Car_Vroom.uasset" 95
"R:/UE/Papia_GGJ_2021/Content/mt-content/Sound_Effects/Mitsos/Clock_Ticking.uasset" 96
"R:/UE/Papia_GGJ_2021/Content/mt-content/Sound_Effects/Mitsos/Coin.uasset" 97
"R:/UE/Papia_GGJ_2021/Content/mt-content/Sound_Effects/Mitsos/Duck.uasset" 98
"R:/UE/Papia_GGJ_2021/Content/mt-content/Sound_Effects/Mitsos/Head_Shake.uasset" 99
"R:/UE/Papia_GGJ_2021/Content/mt-content/Sound_Effects/Mitsos/Jump.uasset" 100
"R:/UE/Papia_GGJ_2021/Content/mt-content/Sound_Effects/Mitsos/Snoring.uasset" 101
"R:/UE/Papia_GGJ_2021/Content/mt-content/Sound_Effects/Mitsos/song.uasset" 102
"R:/UE/Papia_GGJ_2021/Content/mt-content/Sound_Effects/Mitsos/Music/NeuralComposer/song.uasset" 103
"R:/UE/Papia_GGJ_2021/Content/mt-content/Sound_Effects/ZAK-DUCK/JUMP_2.uasset" 104
"R:/UE/Papia_GGJ_2021/Content/mt-content/Sound_Effects/ZAK-DUCK/RUNNING_1.uasset" 105
"R:/UE/Papia_GGJ_2021/Content/mt-content/Sound_Effects/ZAK-DUCK/walking_1.uasset" 106
"R:/UE/Papia_GGJ_2021/Content/mt-content/Sound_Effects/ZAK-DUCK/walking_2.uasset" 107
"R:/UE/Papia_GGJ_2021/Content/mt-content/UI/Snaking_Wallpaper.uasset" 108
"R:/UE/Papia_GGJ_2021/Content/mt-content/UI/Tabletop_Snake.uasset" 109
"R:/UE/Papia_GGJ_2021/Content/mt-materials/final/CT1/Rocky_Floor_1_SPEC.uasset" 110
"R:/UE/Papia_GGJ_2021/Content/mt-materials/final/CT1/Rocky_Floor_1_OCC.uasset" 111
"R:/UE/Papia_GGJ_2021/Content/mt-materials/final/CT1/Rocky_Floor_1_NRM.uasset" 112
"R:/UE/Papia_GGJ_2021/Content/mt-materials/final/CT1/Rocky_Floor_1_DISP.uasset" 113
"R:/UE/Papia_GGJ_2021/Content/mt-materials/final/CT1/Rocky_Floor_1_Color.uasset" 114
"R:/UE/Papia_GGJ_2021/Content/mt-materials/final/CT1/ct_1.uasset" 115
"R:/UE/Papia_GGJ_2021/Content/mt-materials/final/CT1/walls.uasset" 116
"R:/UE/Papia_GGJ_2021/Content/mt-materials/final/CT1/walls_Inst.uasset" 117
"R:/UE/Papia_GGJ_2021/Content/mt-materials/PH/color_opac.uasset" 118
"R:/UE/Papia_GGJ_2021/Content/mt-materials/PH/color.uasset" 119
"../../../Engine/Content/EditorResources/MatineeCam_D.uasset" 120
"../../../Engine/Content/EditorMaterials/MatineeCam_mat.uasset" 121
"../../../Engine/Content/EditorMeshes/MatineeCam_SM.uasset" 122
"../../Plugins/Marketplace/SecondWindow/Content/Second_screen_render_target.uasset" 123
"R:/UE/Papia_GGJ_2021/Content/Second_camera/Content/BP_Second_screen_capture.uasset" 124
"R:/UE/Papia_GGJ_2021/Content/Second_camera/Content/M_Second_screen.uasset" 125
"../../Plugins/Marketplace/SecondWindow/Content/M_Second_screen.uasset" 126
"../../../Engine/Content/EngineFonts/Faces/DroidSansMono.uasset" 127
"../../../Engine/Content/EngineFonts/Faces/DroidSansFallback.uasset" 128
"../../../Engine/Content/EngineFonts/DroidSansMono.uasset" 129
"../../Plugins/Marketplace/SecondWindow/Content/BP_Second_screen_capture.uasset" 130
"R:/UE/Papia_GGJ_2021/Content/Second_camera/Content/Second_screen.uasset" 131
"R:/UE/Papia_GGJ_2021/Content/Second_camera/Content/Second_screen_render_target.uasset" 132
"R:/UE/Papia_GGJ_2021/Content/snake_game/snake_game_2.uasset" 133
"R:/UE/Papia_GGJ_2021/Content/snake_game/game_2_temp__2016_/Geometries/Component_11.uasset" 134
"R:/UE/Papia_GGJ_2021/Content/snake_game/game_2_temp__2016_/Textures/uv_map_reference-uv_map_9.uasset" 135
"R:/UE/Papia_GGJ_2021/Content/snake_game/game_2_temp__2016_/Materials/uv_map_9.uasset" 136
"R:/UE/Papia_GGJ_2021/Content/snake_game/game_2_temp__2016_/Geometries/Component_2.uasset" 137
"R:/UE/Papia_GGJ_2021/Content/snake_game/game_2_temp__2016_/Textures/uv_map_reference-uv_map_2.uasset" 138
"R:/UE/Papia_GGJ_2021/Content/snake_game/game_2_temp__2016_/Materials/uv_map_2.uasset" 139
"R:/UE/Papia_GGJ_2021/Content/snake_game/game_2_temp__2016_/Materials/uv_map_1_.uasset" 140
"R:/UE/Papia_GGJ_2021/Content/snake_game/game_2_temp__2016_/Geometries/Group_11_13.uasset" 141
"R:/UE/Papia_GGJ_2021/Content/snake_game/game_2_temp__2016_/Textures/uv_map_reference-uv_map_4.uasset" 142
"R:/UE/Papia_GGJ_2021/Content/snake_game/game_2_temp__2016_/Materials/uv_map_4.uasset" 143
"R:/UE/Papia_GGJ_2021/Content/snake_game/game_2_temp__2016_/Geometries/Group_11_14.uasset" 144
"R:/UE/Papia_GGJ_2021/Content/snake_game/game_2_temp__2016_/Geometries/Group_11_15.uasset" 145
"R:/UE/Papia_GGJ_2021/Content/snake_game/game_2_temp__2016_/Geometries/Group_11_16.uasset" 146
"R:/UE/Papia_GGJ_2021/Content/snake_game/game_2_temp__2016_/Geometries/Group_11_17.uasset" 147
"R:/UE/Papia_GGJ_2021/Content/snake_game/game_2_temp__2016_/Materials/collider.uasset" 148
"R:/UE/Papia_GGJ_2021/Content/snake_game/game_2_temp__2016_/Geometries/Group_11_18.uasset" 149
"R:/UE/Papia_GGJ_2021/Content/snake_game/game_2_temp__2016_/Geometries/Group_18_2.uasset" 150
"R:/UE/Papia_GGJ_2021/Content/snake_game/game_2_temp__2016_/Geometries/Group_31.uasset" 151
"R:/UE/Papia_GGJ_2021/Content/snake_game/game_2_temp__2016_/Geometries/Group_31_2.uasset" 152
"R:/UE/Papia_GGJ_2021/Content/snake_game/game_2_temp__2016_/Geometries/Group_32.uasset" 153
"R:/UE/Papia_GGJ_2021/Content/snake_game/game_2_temp__2016_/Geometries/Group_33.uasset" 154
"R:/UE/Papia_GGJ_2021/Content/mt-materials/PH/snake_eye.uasset" 155
"R:/UE/Papia_GGJ_2021/Content/snake_game/game_2_temp__2016_/Geometries/Group_33_2.uasset" 156
"R:/UE/Papia_GGJ_2021/Content/snake_game/game_2_temp__2016_/Materials/Color_M09.uasset" 157
"R:/UE/Papia_GGJ_2021/Content/snake_game/game_2_temp__2016_/Materials/Color_A05.uasset" 158
"R:/UE/Papia_GGJ_2021/Content/snake_game/game_2_temp__2016_/Textures/Grass_Dark_Green-Grass_Dark_Green.uasset" 159
"R:/UE/Papia_GGJ_2021/Content/snake_game/game_2_temp__2016_/Materials/Grass_Dark_Green.uasset" 160
"R:/UE/Papia_GGJ_2021/Content/snake_game/game_2_temp__2016_/Geometries/Group_34.uasset" 161
"R:/UE/Papia_GGJ_2021/Content/snake_game/game_2_temp__2016_/Geometries/Group_35.uasset" 162
"R:/UE/Papia_GGJ_2021/Content/snake_game/game_2_temp__2016_/Geometries/Group_35_2.uasset" 163
"R:/UE/Papia_GGJ_2021/Content/snake_game/game_2_temp__2016_/Geometries/Group_7.uasset" 164
"R:/UE/Papia_GGJ_2021/Content/snake_game/game_2_temp__2016_/Materials/0020_Red.uasset" 165
"R:/UE/Papia_GGJ_2021/Content/snake_game/game_2_temp__2016_/Materials/0069_LimeGreen.uasset" 166
"R:/UE/Papia_GGJ_2021/Content/snake_game/game_2_temp__2016_/Materials/0127_Magenta.uasset" 167
"R:/UE/Papia_GGJ_2021/Content/snake_game/game_2_temp__2016_/Materials/Color_A06.uasset" 168
"R:/UE/Papia_GGJ_2021/Content/snake_game/game_2_temp__2016_/Materials/Color_A07.uasset" 169
"R:/UE/Papia_GGJ_2021/Content/snake_game/game_2_temp__2016_/Textures/Grass_Dark_Green.uasset" 170
"R:/UE/Papia_GGJ_2021/Content/snake_game/game_2_temp__2016_/Materials/Grass_Dark_Green_1.uasset" 171
"R:/UE/Papia_GGJ_2021/Content/snake_game/game_2_temp__2016_/Materials/Object_.uasset" 172
"R:/UE/Papia_GGJ_2021/Content/StarterContent/Materials/M_Basic_Wall.uasset" 173
"R:/UE/Papia_GGJ_2021/Content/StarterContent/Architecture/Pillar_50x500.uasset" 174
"R:/UE/Papia_GGJ_2021/Content/StarterContent/Architecture/Wall_400x300.uasset" 175
"R:/UE/Papia_GGJ_2021/Content/StarterContent/Architecture/Wall_400x400.uasset" 176
"R:/UE/Papia_GGJ_2021/Content/StarterContent/Architecture/Wall_500x500.uasset" 177
"R:/UE/Papia_GGJ_2021/Content/StarterContent/Architecture/Wall_Door_400x400.uasset" 178
"R:/UE/Papia_GGJ_2021/Content/StarterContent/Architecture/Wall_Window_400x400.uasset" 179
"R:/UE/Papia_GGJ_2021/Content/StarterContent/Audio/Collapse01.uasset" 180
"R:/UE/Papia_GGJ_2021/Content/StarterContent/Audio/Collapse02.uasset" 181
"R:/UE/Papia_GGJ_2021/Content/StarterContent/Audio/Explosion01.uasset" 182
"R:/UE/Papia_GGJ_2021/Content/StarterContent/Audio/Explosion02.uasset" 183
"R:/UE/Papia_GGJ_2021/Content/StarterContent/Audio/Fire01.uasset" 184
"R:/UE/Papia_GGJ_2021/Content/StarterContent/Audio/Fire_Sparks01.uasset" 185
"R:/UE/Papia_GGJ_2021/Content/StarterContent/Audio/Light01.uasset" 186
"R:/UE/Papia_GGJ_2021/Content/StarterContent/Audio/Light01_Cue.uasset" 187
"R:/UE/Papia_GGJ_2021/Content/StarterContent/Audio/Light02.uasset" 188
"R:/UE/Papia_GGJ_2021/Content/StarterContent/Audio/Light02_Cue.uasset" 189
"R:/UE/Papia_GGJ_2021/Content/StarterContent/Audio/Smoke01.uasset" 190
"R:/UE/Papia_GGJ_2021/Content/StarterContent/Audio/Starter_Birds01.uasset" 191
"R:/UE/Papia_GGJ_2021/Content/StarterContent/Audio/Starter_Music01.uasset" 192
"R:/UE/Papia_GGJ_2021/Content/StarterContent/Audio/Starter_Wind05.uasset" 193
"R:/UE/Papia_GGJ_2021/Content/StarterContent/Audio/Starter_Wind06.uasset" 194
"R:/UE/Papia_GGJ_2021/Content/StarterContent/Audio/Steam01.uasset" 195
"R:/UE/Papia_GGJ_2021/Content/StarterContent/Textures/T_Smoke_Tiled_D.uasset" 196
"R:/UE/Papia_GGJ_2021/Content/StarterContent/Textures/T_Smoke_SubUV.uasset" 197
"R:/UE/Papia_GGJ_2021/Content/StarterContent/Particles/Materials/M_smoke_subUV.uasset" 198
"../../../Engine/Content/Functions/Engine_MaterialFunctions01/Gradient/RadialGradient.uasset" 199
"R:/UE/Papia_GGJ_2021/Content/StarterContent/Particles/Materials/M_radial_ramp.uasset" 200
"R:/UE/Papia_GGJ_2021/Content/StarterContent/Particles/Materials/m_flare_01.uasset" 201
"R:/UE/Papia_GGJ_2021/Content/StarterContent/Textures/T_Explosion_SubUV.uasset" 202
"R:/UE/Papia_GGJ_2021/Content/StarterContent/Particles/Materials/M_explosion_subUV.uasset" 203
"R:/UE/Papia_GGJ_2021/Content/StarterContent/Textures/T_Burst_M.uasset" 204
"R:/UE/Papia_GGJ_2021/Content/StarterContent/Particles/Materials/M_Burst.uasset" 205
"R:/UE/Papia_GGJ_2021/Content/StarterContent/Particles/P_Explosion.uasset" 206
"R:/UE/Papia_GGJ_2021/Content/StarterContent/Audio/Explosion_Cue.uasset" 207
"R:/UE/Papia_GGJ_2021/Content/StarterContent/Blueprints/Blueprint_Effect_Explosion.uasset" 208
"../../../Engine/Content/EditorMeshes/ColorCalibrator/T_ColorGrid.uasset" 209
"R:/UE/Papia_GGJ_2021/Content/StarterContent/Materials/M_ColorGrid_LowSpec.uasset" 210
"R:/UE/Papia_GGJ_2021/Content/StarterContent/Textures/T_Bush_N.uasset" 211
"R:/UE/Papia_GGJ_2021/Content/StarterContent/Textures/T_Bush_D.uasset" 212
"R:/UE/Papia_GGJ_2021/Content/StarterContent/Props/Materials/M_Bush.uasset" 213
"R:/UE/Papia_GGJ_2021/Content/StarterContent/Props/SM_Bush.uasset" 214
"R:/UE/Papia_GGJ_2021/Content/StarterContent/Textures/T_Chair_N.uasset" 215
"R:/UE/Papia_GGJ_2021/Content/StarterContent/Textures/T_Chair_M.uasset" 216
"R:/UE/Papia_GGJ_2021/Content/StarterContent/Props/Materials/M_Chair.uasset" 217
"R:/UE/Papia_GGJ_2021/Content/StarterContent/Props/SM_Couch.uasset" 218
"R:/UE/Papia_GGJ_2021/Content/StarterContent/Materials/M_Glass.uasset" 219
"R:/UE/Papia_GGJ_2021/Content/StarterContent/Textures/T_Door_N.uasset" 220
"R:/UE/Papia_GGJ_2021/Content/StarterContent/Textures/T_Door_M.uasset" 221
"R:/UE/Papia_GGJ_2021/Content/StarterContent/Props/Materials/M_Door.uasset" 222
"R:/UE/Papia_GGJ_2021/Content/StarterContent/Props/SM_Door.uasset" 223
"R:/UE/Papia_GGJ_2021/Content/StarterContent/Props/Materials/M_MaterialSphere_Plain.uasset" 224
"R:/UE/Papia_GGJ_2021/Content/StarterContent/Props/Materials/M_MaterialSphere.uasset" 225
"R:/UE/Papia_GGJ_2021/Content/StarterContent/Props/SM_MatPreviewMesh_02.uasset" 226
"R:/UE/Papia_GGJ_2021/Content/StarterContent/Textures/T_Rock_Basalt_D.uasset" 227
"R:/UE/Papia_GGJ_2021/Content/StarterContent/Textures/T_Detail_Rocky_N.uasset" 228
"R:/UE/Papia_GGJ_2021/Content/StarterContent/Textures/T_RockMesh_N.uasset" 229
"R:/UE/Papia_GGJ_2021/Content/StarterContent/Textures/T_RockMesh_M.uasset" 230
"R:/UE/Papia_GGJ_2021/Content/StarterContent/Props/Materials/M_Rock.uasset" 231
"R:/UE/Papia_GGJ_2021/Content/StarterContent/Props/SM_Rock.uasset" 232
"R:/UE/Papia_GGJ_2021/Content/StarterContent/Textures/T_Shelf_N.uasset" 233
"R:/UE/Papia_GGJ_2021/Content/StarterContent/Textures/T_Shelf_M.uasset" 234
"R:/UE/Papia_GGJ_2021/Content/StarterContent/Props/Materials/M_Shelf.uasset" 235
"R:/UE/Papia_GGJ_2021/Content/StarterContent/Props/SM_Shelf.uasset" 236
"R:/UE/Papia_GGJ_2021/Content/StarterContent/Materials/M_Basic_Floor.uasset" 237
"R:/UE/Papia_GGJ_2021/Content/StarterContent/Props/SM_Stairs.uasset" 238
"R:/UE/Papia_GGJ_2021/Content/StarterContent/Shapes/Shape_Cone.uasset" 239
"R:/UE/Papia_GGJ_2021/Content/StarterContent/Shapes/Shape_Cylinder.uasset" 240
"R:/UE/Papia_GGJ_2021/Content/StarterContent/Shapes/Shape_NarrowCapsule.uasset" 241
"R:/UE/Papia_GGJ_2021/Content/StarterContent/Shapes/Shape_Pipe.uasset" 242
"R:/UE/Papia_GGJ_2021/Content/StarterContent/Shapes/Shape_Pipe_180.uasset" 243
"R:/UE/Papia_GGJ_2021/Content/StarterContent/Shapes/Shape_Pipe_90.uasset" 244
"R:/UE/Papia_GGJ_2021/Content/StarterContent/Shapes/Shape_Plane.uasset" 245
"R:/UE/Papia_GGJ_2021/Content/StarterContent/Shapes/Shape_Torus.uasset" 246
"R:/UE/Papia_GGJ_2021/Content/StarterContent/Shapes/Shape_Trim.uasset" 247
"R:/UE/Papia_GGJ_2021/Content/StarterContent/Shapes/Shape_Trim_90_In.uasset" 248
"R:/UE/Papia_GGJ_2021/Content/StarterContent/Shapes/Shape_Trim_90_Out.uasset" 249
"R:/UE/Papia_GGJ_2021/Content/StarterContent/Shapes/Shape_TriPyramid.uasset" 250
"R:/UE/Papia_GGJ_2021/Content/StarterContent/Shapes/Shape_Tube.uasset" 251
"R:/UE/Papia_GGJ_2021/Content/StarterContent/Shapes/Shape_Wedge_A.uasset" 252
"R:/UE/Papia_GGJ_2021/Content/StarterContent/Shapes/Shape_Wedge_B.uasset" 253
"R:/UE/Papia_GGJ_2021/Content/StarterContent/Shapes/Shape_WideCapsule.uasset" 254
"../../../Engine/Content/Animation/DefaultAnimBoneCompressionSettings.uasset" 255
"../../../Engine/Content/Animation/DefaultAnimCurveCompressionSettings.uasset" 256
"../../../Engine/Content/EngineMaterials/T_Default_Material_Grid_N.uasset" 257
"../../../Engine/Content/EngineMaterials/T_Default_Material_Grid_M.uasset" 258
"../../../Engine/Content/Functions/Engine_MaterialFunctions01/Opacity/CameraDepthFade.uasset" 259
"../../../Engine/Content/EngineMaterials/WorldGridMaterial.uasset" 260
"../../../Engine/Content/ArtTools/RenderToTexture/Meshes/S_1_Unit_Plane.uasset" 261
"../../../Engine/Content/EngineMaterials/DefaultMaterial.uasset" 262
"../../../Engine/Content/BasicShapes/Cone.uasset" 263
"../../../Engine/Content/BasicShapes/Cube.uasset" 264
"../../../Engine/Content/EditorLandscapeResources/DataLayer.uasset" 265
"../../../Engine/Content/EditorLandscapeResources/DefaultAlphaTexture.uasset" 266
"../../../Engine/Content/EditorMaterials/MAT_Groups_Toggle.uasset" 267
"../../../Engine/Content/EditorMaterials/MAT_Groups_Visibility.uasset" 268
"../../../Engine/Content/EditorMaterials/PreviewShadowIndicator.uasset" 269
"../../../Engine/Content/EditorMaterials/PreviewShadowIndicatorMaterial.uasset" 270
"../../../Engine/Content/EditorMaterials/AssetViewer/EpicQuadPanorama_CC+EV1.uasset" 271
"../../../Engine/Content/EditorMaterials/MatineeGroups/MAT_ColorTrack.uasset" 272
"../../../Engine/Content/EditorMaterials/MatineeGroups/MAT_Groups_Anim.uasset" 273
"../../../Engine/Content/EditorMaterials/MatineeGroups/MAT_Groups_AudioMaster.uasset" 274
"../../../Engine/Content/EditorMaterials/MatineeGroups/MAT_Groups_Director.uasset" 275
"../../../Engine/Content/EditorMaterials/MatineeGroups/MAT_Groups_Event.uasset" 276
"../../../Engine/Content/EditorMaterials/MatineeGroups/MAT_Groups_Fade.uasset" 277
"../../../Engine/Content/EditorMaterials/MatineeGroups/MAT_Groups_Float.uasset" 278
"../../../Engine/Content/EditorMaterials/MatineeGroups/MAT_Groups_Move.uasset" 279
"../../../Engine/Content/EditorMaterials/MatineeGroups/MAT_Groups_Slomo.uasset" 280
"../../../Engine/Content/EditorMaterials/MatineeGroups/MAT_Groups_Sound.uasset" 281
"../../../Engine/Content/EditorMaterials/MatineeGroups/MAT_Groups_Vector.uasset" 282
"../../../Engine/Content/EditorMaterials/ParticleSystems/PSysThumbnail_NoImage.uasset" 283
"../../../Engine/Content/EditorMaterials/ParticleSystems/PSysThumbnail_OOD.uasset" 284
"../../../Engine/Content/EditorMaterials/Camera/CineMat.uasset" 285
"../../../Engine/Content/EditorMaterials/Camera/MI_CineMat_Rig.uasset" 286
"../../../Engine/Content/EditorMeshes/Camera/SM_CraneRig_Arm.uasset" 287
"../../../Engine/Content/EditorMeshes/Camera/SM_CraneRig_Base.uasset" 288
"../../../Engine/Content/EditorMeshes/Camera/SM_CraneRig_Body.uasset" 289
"../../../Engine/Content/EditorMeshes/Camera/SM_CraneRig_Mount.uasset" 290
"../../../Engine/Content/EditorMeshes/Camera/SM_RailRig_Mount.uasset" 291
"../../../Engine/Content/EditorMeshes/Camera/SM_RailRig_Track.uasset" 292
"../../../Engine/Content/EditorResources/BSPVertex.uasset" 293
"../../../Engine/Content/EditorResources/EmptyActor.uasset" 294
"../../../Engine/Content/EditorResources/S_Actor.uasset" 295
"../../../Engine/Content/EditorResources/S_Note.uasset" 296
"../../../Engine/Content/EditorResources/S_Solver.uasset" 297
"../../../Engine/Content/EditorResources/S_Terrain.uasset" 298
"../../../Engine/Content/EditorResources/S_Trigger.uasset" 299
"../../../Engine/Content/EditorResources/AudioIcons/S_AudioComponent.uasset" 300
"../../../Engine/Content/EditorResources/AudioIcons/S_AudioComponent_AutoActivate.uasset" 301
"../../../Engine/Content/EditorResources/LightIcons/S_LightError.uasset" 302
"../../../Engine/Content/EditorResources/SequenceRecorder/Countdown.uasset" 303
"../../../Engine/Content/EditorResources/SequenceRecorder/RecordingIndicator.uasset" 304
"../../../Engine/Content/EngineDamageTypes/DmgTypeBP_Environmental.uasset" 305
"../../../Engine/Content/EngineDebugMaterials/DebugEditorMaterial.uasset" 306
"../../../Engine/Content/EngineDebugMaterials/DebugMeshMaterial.uasset" 307
"../../../Engine/Content/EngineDebugMaterials/M_SimpleUnlitTranslucent.uasset" 308
"../../../Engine/Content/EngineDebugMaterials/VolumeToRender.uasset" 309
"../../../Engine/Content/Functions/Engine_MaterialFunctions02/Utility/CameraDirectionVector.uasset" 310
"../../../Engine/Content/EngineDebugMaterials/M_VolumeRenderSphereTracePP.uasset" 311
"../../../Engine/Content/Functions/Engine_MaterialFunctions01/Shading/ConvertFromDiffSpec.uasset" 312
"../../../Engine/Content/EngineDebugMaterials/VertexColorMaterial.uasset" 313
"../../../Engine/Content/EngineDebugMaterials/WireframeMaterial.uasset" 314
"../../../Engine/Content/EngineFonts/Faces/RobotoRegular.uasset" 315
"../../../Engine/Content/EngineFonts/Faces/RobotoLight.uasset" 316
"../../../Engine/Content/EngineFonts/Faces/RobotoItalic.uasset" 317
"../../../Engine/Content/EngineFonts/Faces/RobotoBoldItalic.uasset" 318
"../../../Engine/Content/EngineFonts/Faces/RobotoBold.uasset" 319
"../../../Engine/Content/EngineFonts/Roboto.uasset" 320
"../../../Engine/Content/EngineMaterials/BaseFlattenNormalMap.uasset" 321
"../../../Engine/Content/EngineMaterials/BaseFlattenGrayscaleMap.uasset" 322
"../../../Engine/Content/EngineMaterials/BaseFlattenEmissiveMap.uasset" 323
"../../../Engine/Content/EngineMaterials/BaseFlattenDiffuseMap.uasset" 324
"../../../Engine/Content/EngineMaterials/BaseFlattenMaterial.uasset" 325
"../../../Engine/Content/EngineMaterials/BlueNoise.uasset" 326
"../../../Engine/Content/EngineMaterials/DefaultBloomKernel.uasset" 327
"../../../Engine/Content/EngineMaterials/DefaultBokeh.uasset" 328
"../../../Engine/Content/EngineMaterials/DefaultDiffuse.uasset" 329
"../../../Engine/Content/EngineMaterials/DefaultDeferredDecalMaterial.uasset" 330
"../../../Engine/Content/EngineMaterials/DefaultLightFunctionMaterial.uasset" 331
"../../../Engine/Content/EngineMaterials/DefaultPhysicalMaterial.uasset" 332
"../../../Engine/Content/Functions/Engine_MaterialFunctions02/Utility/BreakOutFloat2Components.uasset" 333
"../../../Engine/Content/EngineMaterials/DefaultPostProcessMaterial.uasset" 334
"../../../Engine/Content/EngineFonts/RobotoDistanceField.uasset" 335
"../../../Engine/Content/EngineMaterials/DefaultTextMaterialOpaque.uasset" 336
"../../../Engine/Content/EngineMaterials/DefaultWhiteGrid.uasset" 337
"../../../Engine/Content/EngineMaterials/DefaultWhiteGrid_Low.uasset" 338
"../../../Engine/Content/EngineMaterials/EmissiveMeshMaterial.uasset" 339
"../../../Engine/Content/EngineMaterials/GizmoMaterial.uasset" 340
"../../../Engine/Content/EngineMaterials/Good64x64TilingNoiseHighFreq.uasset" 341
"../../../Engine/Content/EngineMaterials/MiniFont.uasset" 342
"../../../Engine/Content/EngineMaterials/InvalidLightmapSettings.uasset" 343
"../../../Engine/Content/EngineMaterials/M_InvalidLightmapSettings.uasset" 344
"../../../Engine/Content/Functions/Engine_MaterialFunctions02/WorldPositionOffset/CameraOffset.uasset" 345
"../../../Engine/Content/EngineMaterials/PhAT_JointLimitMaterial.uasset" 346
"../../../Engine/Content/EngineMaterials/PreintegratedSkinBRDF.uasset" 347
"../../../Engine/Content/EngineMaterials/RemoveSurfaceMaterial.uasset" 348
"../../../Engine/Content/EngineMaterials/WeightMapPlaceholderTexture.uasset" 349
"../../../Engine/Content/EngineMaterials/Widget3DPassThrough.uasset" 350
"../../../Engine/Content/EngineMaterials/Widget3DPassThrough_Masked.uasset" 351
"../../../Engine/Content/EngineMaterials/Widget3DPassThrough_Opaque.uasset" 352
"../../../Engine/Content/EngineMaterials/Widget3DPassThrough_Masked_OneSided.uasset" 353
"../../../Engine/Content/EngineMaterials/Widget3DPassThrough_Opaque_OneSided.uasset" 354
"../../../Engine/Content/EngineMaterials/Widget3DPassThrough_Translucent.uasset" 355
"../../../Engine/Content/EngineMaterials/Widget3DPassThrough_Translucent_OneSided.uasset" 356
"../../../Engine/Content/EngineMeshes/Cylinder.uasset" 357
"../../../Engine/Content/EngineMeshes/Sphere.uasset" 358
"../../../Engine/Content/EngineResources/DefaultTextureCube.uasset" 359
"../../../Engine/Content/EngineResources/DefaultVolumeTexture2D.uasset" 360
"../../../Engine/Content/EngineResources/DefaultVolumeTexture.uasset" 361
"../../../Engine/Content/EngineResources/GradientTexture0.uasset" 362
"../../../Engine/Content/EngineSky/VolumetricClouds/T_NoiseShape64.uasset" 363
"../../../Engine/Content/EngineSky/VolumetricClouds/T_VolumeNoiseShape64.uasset" 364
"../../../Engine/Content/EngineSky/VolumetricClouds/T_NoiseErosion.uasset" 365
"../../../Engine/Content/EngineSky/VolumetricClouds/T_VolumeNoiseErosion32.uasset" 366
"../../../Engine/Content/EngineSky/VolumetricClouds/CloudWeatherTexture.uasset" 367
"../../../Engine/Content/EngineSky/VolumetricClouds/CloudGradientTexture.uasset" 368
"../../../Engine/Content/Functions/Engine_MaterialFunctions02/Utility/MakeFloat2.uasset" 369
"../../../Engine/Content/EngineSky/VolumetricClouds/m_SimpleVolumetricCloud.uasset" 370
"../../../Engine/Content/EngineSky/VolumetricClouds/m_SimpleVolumetricCloud_Inst.uasset" 371
"../../../Engine/Content/EngineSounds/Master.uasset" 372
"../../../Engine/Content/Functions/Engine_MaterialFunctions01/Shading/PowerToRoughness.uasset" 373
"../../../Engine/Content/Maps/Templates/Thumbnails/Default.uasset" 374
"../../../Engine/Content/Maps/Templates/Thumbnails/TimeOfDay.uasset" 375
"../../../Engine/Content/Maps/Templates/Thumbnails/VR-Basic.uasset" 376
"../../../Engine/Content/MobileResources/T_MobileControls_texture.uasset" 377
"../../../Engine/Content/MobileResources/T_MobileMenu2.uasset" 378
"../../../Engine/Content/MobileResources/HUD/AnalogHat.uasset" 379
"../../../Engine/Content/MobileResources/HUD/VirtualJoystick_Thumb.uasset" 380
"../../../Engine/Content/MobileResources/HUD/VirtualJoystick_Background.uasset" 381
"../../../Engine/Content/MobileResources/HUD/DefaultVirtualJoysticks.uasset" 382
"../../../Engine/Content/MobileResources/HUD/LeftVirtualJoystickOnly.uasset" 383
"../../../Engine/Content/MobileResources/HUD/MobileHUDButton1_off.uasset" 384
"../../../Engine/Content/MobileResources/HUD/MobileHUDButton1_on.uasset" 385
"../../../Engine/Content/MobileResources/HUD/MobileHUDButton2_off.uasset" 386
"../../../Engine/Content/MobileResources/HUD/MobileHUDButton2_on.uasset" 387
"../../../Engine/Content/MobileResources/HUD/MobileHUDButton3.uasset" 388
"../../../Engine/Content/MobileResources/HUD/MobileHUDButtonFire.uasset" 389
"../../../Engine/Content/MobileResources/HUD/MobileHUDDirectionPad.uasset" 390
"../../../Engine/Content/MobileResources/HUD/MobileHUDDirectionPad2.uasset" 391
"../../../Engine/Content/MobileResources/HUD/MobileHUDDirectionPad3.uasset" 392
"../../../Engine/Content/MobileResources/HUD/MobileHUDDirectionStick.uasset" 393
"../../../Engine/Content/MobileResources/HUD/T_Castle_ThumbstickInner.uasset" 394
"../../../Engine/Content/MobileResources/HUD/T_Castle_ThumbstickOutter.uasset" 395
"../../../Engine/Content/Tutorial/ContentIntroCurve.uasset" 396
"../../../Engine/Content/Tutorial/Basics/LevelEditorAttract.uasset" 397
"../../../Engine/Content/Tutorial/Basics/TutorialAssets/icon_tab_Levels_40x.uasset" 398
"../../../Engine/Content/Tutorial/Basics/LevelEditorOverview.uasset" 399
"../../../Engine/Content/Tutorial/BlueprintTutorials/TutorialAssets/Blueprint_64x.uasset" 400
"../../../Engine/Content/Tutorial/BlueprintTutorials/BlueprintEditorTutorial.uasset" 401
"../../../Engine/Content/Tutorial/BlueprintTutorials/LevelBlueprintEditorOverview.uasset" 402
"../../../Engine/Content/VREditor/TransformGizmo/TranslucentTransformGizmoMaterial.uasset" 403
"../../../Engine/Content/VREditor/LaserPointer/VR_LaserPower_01.uasset" 404
"../../../Engine/Content/VREditor/TransformGizmo/TransformGizmoMaterial.uasset" 405
"../../../Engine/Content/VREditor/TransformGizmo/BoundingBoxCorner.uasset" 406
"../../../Engine/Content/VREditor/TransformGizmo/BoundingBoxEdge.uasset" 407
"../../../Engine/Content/VREditor/TransformGizmo/PlaneTranslationHandle.uasset" 408
"../../../Engine/Content/VREditor/TransformGizmo/Xray.uasset" 409
"../../../Engine/Content/VREditor/TransformGizmo/Main.uasset" 410
"../../../Engine/Content/VREditor/TransformGizmo/SM_Sequencer_Key.uasset" 411
"../../../Engine/Content/VREditor/TransformGizmo/SM_Sequencer_Node.uasset" 412
"../../Plugins/2D/Paper2D/Content/PlaceholderTextures/DummySpriteTexture.uasset" 413
"../../Plugins/2D/Paper2D/Content/DummySprite.uasset" 414
"../../Plugins/2D/Paper2D/Content/DefaultPaperTerrainMaterial.uasset" 415
"../../Plugins/2D/Paper2D/Content/DefaultSpriteMaterial.uasset" 416
"../../Plugins/2D/Paper2D/Content/MaskedUnlitSpriteMaterial.uasset" 417
"../../Plugins/2D/Paper2D/Content/OpaqueUnlitSpriteMaterial.uasset" 418
"../../../Engine/Content/ArtTools/RenderToTexture/Textures/127grey.uasset" 419
"../../../Engine/Content/Functions/Engine_MaterialFunctions02/Texturing/CustomRotator.uasset" 420
"../../../Engine/Content/Functions/Engine_MaterialFunctions02/HueShift.uasset" 421
"../../../Engine/Content/EngineResources/Black.uasset" 422
"../../../Engine/Content/EngineMaterials/T_Default_Normal.uasset" 423
"../../../Engine/Content/EditorLandscapeResources/WhiteSquareTexture.uasset" 424
"../../Plugins/Enterprise/DatasmithContent/Content/Materials/TileMirrorAxis.uasset" 425
"../../Plugins/Enterprise/DatasmithContent/Content/Materials/UVEdit.uasset" 426
"../../Plugins/Enterprise/DatasmithContent/Content/Materials/C4DMasterUV.uasset" 427
"../../Plugins/Enterprise/DatasmithContent/Content/Materials/C4DMaster.uasset" 428
"../../Plugins/Enterprise/DatasmithContent/Content/Materials/CE_BaseMaster.uasset" 429
"../../Plugins/Enterprise/DatasmithContent/Content/Materials/CE_OpacityMaster.uasset" 430
"../../Plugins/Enterprise/DatasmithContent/Content/Materials/CE_OpacitySimpleMaster.uasset" 431
"../../Plugins/Enterprise/DatasmithContent/Content/Materials/CE_OpaqueMaster.uasset" 432
"../../../Engine/Content/Functions/Engine_MaterialFunctions03/Procedurals/NormalFromHeightmap.uasset" 433
"../../Plugins/Enterprise/DatasmithContent/Content/Materials/RevitMaster.uasset" 434
"../../Plugins/Enterprise/DatasmithContent/Content/Materials/FBXImporter/DeltaGenUVEdit.uasset" 435
"../../Plugins/Enterprise/DatasmithContent/Content/Materials/FBXImporter/DeltaGenBase.uasset" 436
"../../Plugins/Enterprise/DatasmithContent/Content/Materials/FBXImporter/DeltaGenMaster.uasset" 437
"../../Plugins/Enterprise/DatasmithContent/Content/Materials/FBXImporter/DeltaGenMasterTransparent.uasset" 438
"../../../Engine/Content/Functions/Engine_MaterialFunctions02/Utility/VectorLength.uasset" 439
"../../../Engine/Content/Functions/Engine_MaterialFunctions02/WorldPositionOffset/ObjectScale.uasset" 440
"../../../Engine/Content/Functions/Engine_MaterialFunctions01/Texturing/BakedDisplacement.uasset" 441
"../../../Engine/Content/Functions/Engine_MaterialFunctions02/Fresnel_Function.uasset" 442
"../../../Engine/Content/Functions/Engine_MaterialFunctions02/WorldPositionOffset/LocalPosition.uasset" 443
"../../../Engine/Content/Functions/Engine_MaterialFunctions02/Utility/MakeFloat3.uasset" 444
"../../Plugins/Enterprise/DatasmithContent/Content/Materials/FBXImporter/VRED/VREDRepeatMode.uasset" 445
"../../Plugins/Enterprise/DatasmithContent/Content/Materials/FBXImporter/VRED/UVMapping.uasset" 446
"../../Plugins/Enterprise/DatasmithContent/Content/Materials/FBXImporter/VRED/TriplanarMapping.uasset" 447
"../../Plugins/Enterprise/DatasmithContent/Content/Materials/FBXImporter/VRED/PlanarMapping.uasset" 448
"../../Plugins/Enterprise/DatasmithContent/Content/Materials/FBXImporter/VRED/VREDTextureRead.uasset" 449
"../../Plugins/Enterprise/DatasmithContent/Content/Materials/FBXImporter/VRED/ProcessNormal.uasset" 450
"../../Plugins/Enterprise/DatasmithContent/Content/Materials/FBXImporter/VRED/BrushedMetal.uasset" 451
"../../Plugins/Enterprise/DatasmithContent/Content/Materials/FBXImporter/VRED/Chrome.uasset" 452
"../../../Engine/Content/Functions/Engine_MaterialFunctions01/Texturing/TextureCropping.uasset" 453
"../../../Engine/Content/Functions/Engine_MaterialFunctions01/Texturing/ComputeMipLevel.uasset" 454
"../../../Engine/Content/Functions/Engine_MaterialFunctions02/ExampleContent/Textures/DebugNumberPeriod.uasset" 455
"../../../Engine/Content/Functions/Engine_MaterialFunctions02/ExampleContent/DebugNumberStrip.uasset" 456
"../../../Engine/Content/Functions/Engine_MaterialFunctions02/Utility/DebugScalarValues.uasset" 457
"../../../Engine/Content/Functions/Engine_MaterialFunctions02/Utility/BreakOutFloat3Components.uasset" 458
"../../../Engine/Content/Functions/Engine_MaterialFunctions02/Utility/DebugFloat3Values.uasset" 459
"../../../Engine/Content/Functions/Engine_MaterialFunctions02/Math/RGBtoHSV.uasset" 460
"../../Plugins/Enterprise/DatasmithContent/Content/Materials/FBXImporter/VRED/Glass.uasset" 461
"../../Plugins/Enterprise/DatasmithContent/Content/Materials/FBXImporter/VRED/Phong.uasset" 462
"../../Plugins/Enterprise/DatasmithContent/Content/Materials/FBXImporter/VRED/Plastic.uasset" 463
"../../../Engine/Content/Functions/MaterialLayerFunctions/MatLayerBlend_Standard.uasset" 464
"../../../Engine/Content/EditorShapes/Textures/T_ShapeNormal.uasset" 465
"../../Plugins/Enterprise/DatasmithContent/Content/Materials/FBXImporter/VRED/UnicolorCarpaint.uasset" 466
"../../../Engine/Content/ArtTools/RenderToTexture/Materials/Debug/M_Emissive_Color.uasset" 467
"R:/UE/Papia_GGJ_2021/Content/mt-materials/PH/color_base.uasset" 468
"R:/UE/Papia_GGJ_2021/Content/mt-materials/PH/duck_coin_1.uasset" 469
"../../../Engine/Content/BasicShapes/Cylinder.uasset" 470
"../../Plugins/Lumin/MagicLeapPassableWorld/Content/MagicLeapARPinInfoActor.uasset" 471
"../../../Engine/Content/Functions/Engine_MaterialFunctions02/ObjectLocalBounds.uasset" 472
"../../../Engine/Content/Functions/Engine_MaterialFunctions02/UVs/BoundingBoxBased_0-1_UVW.uasset" 473
"../../../Engine/Content/Functions/Engine_MaterialFunctions02/SafeNormalize.uasset" 474
"../../Plugins/Editor/SpeedTreeImporter/Content/SpeedTree9/UnpackInteger3.uasset" 475
"../../Plugins/Editor/SpeedTreeImporter/Content/SpeedTree9/UnpackDirection.uasset" 476
"../../Plugins/Editor/SpeedTreeImporter/Content/SpeedTree9/game_wind_noise.uasset" 477
"../../Plugins/Editor/SpeedTreeImporter/Content/SpeedTree9/SpeedTreeWindMotion.uasset" 478
"../../Plugins/Editor/SpeedTreeImporter/Content/SpeedTree9/SpeedTreeBranchMotion.uasset" 479
"../../Plugins/Editor/SpeedTreeImporter/Content/SpeedTree9/SpeedTreeWind.uasset" 480
"../../Plugins/Editor/SpeedTreeImporter/Content/SpeedTree9/SpeedTreeBillboard.uasset" 481
"../../Plugins/Editor/SpeedTreeImporter/Content/SpeedTree9/SpeedTreeBillboardMaster.uasset" 482
"../../Plugins/Editor/SpeedTreeImporter/Content/SpeedTree9/SpeedTreeCameraFacing.uasset" 483
"../../Plugins/Editor/SpeedTreeImporter/Content/SpeedTree9/SpeedTreeMaster.uasset" 484
"../../Plugins/Experimental/Enterprise/DatasmithRuntime/Content/Materials/M_Cutout.uasset" 485
"../../Plugins/Experimental/Enterprise/DatasmithRuntime/Content/Materials/M_Opaque.uasset" 486
"../../Plugins/Experimental/Enterprise/DatasmithRuntime/Content/Materials/M_Transparent.uasset" 487
"../../../Engine/Content/Functions/Engine_MaterialFunctions02/Utility/BreakOutFloat4Components.uasset" 488
"../../Plugins/Runtime/Oculus/OculusVR/Content/Materials/OculusMR_ChromaKey.uasset" 489
"../../Plugins/Runtime/Oculus/OculusVR/Content/Materials/OculusMR_OpaqueColoredMaterial.uasset" 490
"../../Plugins/Runtime/Oculus/OculusVR/Content/Materials/PokeAHoleMaterial.uasset" 491
"R:/UE/Papia_GGJ_2021/Content/FirstPersonBP/Blueprints/FirstPersonCharacter.uasset" 492
"R:/UE/Papia_GGJ_2021/Content/mt-content/UI/tips.uasset" 493
"R:/UE/Papia_GGJ_2021/Content/Geometry/Meshes/1M_Cube.uasset" 494
"../../../Engine/Content/BasicShapes/Plane.uasset" 495
"R:/UE/Papia_GGJ_2021/Content/mt-materials/final/CT1/floor_3.uasset" 496
"R:/UE/Papia_GGJ_2021/Content/mt-materials/final/CT1/floor2.uasset" 497
"R:/UE/Papia_GGJ_2021/Content/mt-materials/final/CT1/floor.uasset" 498
"R:/UE/Papia_GGJ_2021/Content/mt-materials/final/CT1/bcsF2.uasset" 499
"R:/UE/Papia_GGJ_2021/Content/mt-materials/final/CT1/bcF1.uasset" 500
"R:/UE/Papia_GGJ_2021/Content/mt-materials/final/CT1/BC3.uasset" 501
"R:/UE/Papia_GGJ_2021/Content/FirstPersonBP/Maps/FirstPersonExampleMap_BuiltData.uasset" 502
"R:/UE/Papia_GGJ_2021/Content/mt-content/Sound_Effects/ZAK-DUCK/COIN_1.uasset" 503
"R:/UE/Papia_GGJ_2021/Content/mt-materials/PH/coin.uasset" 504
"R:/UE/Papia_GGJ_2021/Content/mt-content/coin.uasset" 505
"R:/UE/Papia_GGJ_2021/Content/StarterContent/Particles/Materials/M_Radial_Gradient.uasset" 506
"R:/UE/Papia_GGJ_2021/Content/StarterContent/Textures/T_Water_N.uasset" 507
"R:/UE/Papia_GGJ_2021/Content/StarterContent/Particles/Materials/M_Heat_Distortion.uasset" 508
"R:/UE/Papia_GGJ_2021/Content/StarterContent/Textures/T_Fire_Tiled_D.uasset" 509
"R:/UE/Papia_GGJ_2021/Content/StarterContent/Textures/T_Fire_SubUV.uasset" 510
"R:/UE/Papia_GGJ_2021/Content/StarterContent/Particles/Materials/M_Fire_SubUV.uasset" 511
"R:/UE/Papia_GGJ_2021/Content/StarterContent/Particles/P_Fire.uasset" 512
"R:/UE/Papia_GGJ_2021/Content/mt-materials/PH/color_opac_Inst.uasset" 513
"R:/UE/Papia_GGJ_2021/Content/mt-content/fire_soul.uasset" 514
"R:/UE/Papia_GGJ_2021/Content/snake_game/fire_soul.uasset" 515
"R:/UE/Papia_GGJ_2021/Content/fire_soul.uasset" 516
"R:/UE/Papia_GGJ_2021/Content/mt-content/SNEK.uasset" 517
"R:/UE/Papia_GGJ_2021/Content/snake_game/SNEK.uasset" 518
"R:/UE/Papia_GGJ_2021/Content/SNEK.uasset" 519
"R:/UE/Papia_GGJ_2021/Content/FirstPersonBP/Maps/FirstPersonExampleMap.umap" 520
"R:/UE/Papia_GGJ_2021/Content/mt-content/UI/Snake_Escape_Wallpaper_2.uasset" 521
"R:/UE/Papia_GGJ_2021/Content/mt-content/UI/Main_Menu.uasset" 522
"R:/UE/Papia_GGJ_2021/Content/mt-content/Sound_Effects/LADNAVAR-BGM-DEMOZ/LADDER_HOUSE_1.uasset" 523
"R:/UE/Papia_GGJ_2021/Content/snake_game/Credits.umap" 524
"R:/UE/Papia_GGJ_2021/Content/snake_game/Main_Menu_BuiltData.uasset" 525
"R:/UE/Papia_GGJ_2021/Content/snake_game/Main_Menu.umap" 526
"R:/UE/Papia_GGJ_2021/Content/snake_game/game_2_temp__2016_/Geometries/Group_11_7.uasset" 527
"R:/UE/Papia_GGJ_2021/Content/snake_game/game_2_temp__2016_/Geometries/Group_11_6.uasset" 528
"R:/UE/Papia_GGJ_2021/Content/snake_game/game_2_temp__2016_/Geometries/Group_11_5.uasset" 529
"R:/UE/Papia_GGJ_2021/Content/snake_game/game_2_temp__2016_/Geometries/Group_11_4.uasset" 530
"R:/UE/Papia_GGJ_2021/Content/snake_game/game_2_temp__2016_/Geometries/Group_11_3.uasset" 531
"R:/UE/Papia_GGJ_2021/Content/snake_game/game_2_temp__2016_/Geometries/Group_11_2.uasset" 532
"R:/UE/Papia_GGJ_2021/Content/snake_game/game_2_temp__2016_/Geometries/Group_11_12.uasset" 533
"R:/UE/Papia_GGJ_2021/Content/snake_game/game_2_temp__2016_/Geometries/Group_11_11.uasset" 534
"R:/UE/Papia_GGJ_2021/Content/snake_game/game_2_temp__2016_/Geometries/Group_11_10.uasset" 535
"R:/UE/Papia_GGJ_2021/Content/snake_game/game_2_temp__2016_/Geometries/Group_11.uasset" 536
"R:/UE/Papia_GGJ_2021/Content/snake_game/game_2_temp__2016_/Geometries/Group_1.uasset" 537
"R:/UE/Papia_GGJ_2021/Content/StarterContent/Textures/T_Perlin_Noise_M.uasset" 538
"R:/UE/Papia_GGJ_2021/Content/StarterContent/Textures/T_Wood_Floor_Walnut_N.uasset" 539
"R:/UE/Papia_GGJ_2021/Content/StarterContent/Textures/T_Wood_Floor_Walnut_M.uasset" 540
"R:/UE/Papia_GGJ_2021/Content/StarterContent/Textures/T_Wood_Floor_Walnut_D.uasset" 541
"R:/UE/Papia_GGJ_2021/Content/StarterContent/Materials/M_Wood_Floor_Walnut_Polished.uasset" 542
"R:/UE/Papia_GGJ_2021/Content/snake_game/game_2_temp__2016_/Geometries/Component_1.uasset" 543
"R:/UE/Papia_GGJ_2021/Content/snake_game/game_2_temp__2016_/Textures/uv_map_reference-uv_map_3.uasset" 544
"R:/UE/Papia_GGJ_2021/Content/snake_game/game_2_temp__2016_/Materials/uv_map_3.uasset" 545
"R:/UE/Papia_GGJ_2021/Content/snake_game/game_2_temp__2016_/Geometries/CIBE.uasset" 546
"../../../Engine/Content/BasicShapes/Sphere.uasset" 547
"R:/UE/Papia_GGJ_2021/Content/snake_game/game_2_temp__2016_/Materials/Default.uasset" 548
"R:/UE/Papia_GGJ_2021/Content/StarterContent/Textures/T_Brick_Cut_Stone_N.uasset" 549
"R:/UE/Papia_GGJ_2021/Content/StarterContent/Textures/T_Brick_Cut_Stone_D.uasset" 550
"R:/UE/Papia_GGJ_2021/Content/StarterContent/Materials/M_Brick_Cut_Stone.uasset" 551
"../../../Engine/Content/BasicShapes/BasicShapeMaterial.uasset" 552
"R:/UE/Papia_GGJ_2021/Content/snake_game/snake_game_BuiltData.uasset" 553
"R:/UE/Papia_GGJ_2021/Content/snake_game/game_2_temp__2016_/game_2_temp__2016_.uasset" 554
"R:/UE/Papia_GGJ_2021/Content/StarterContent/Textures/T_CobbleStone_Smooth_N.uasset" 555
"R:/UE/Papia_GGJ_2021/Content/StarterContent/Textures/T_CobbleStone_Smooth_M.uasset" 556
"R:/UE/Papia_GGJ_2021/Content/StarterContent/Textures/T_CobbleStone_Smooth_D.uasset" 557
"R:/UE/Papia_GGJ_2021/Content/StarterContent/Textures/T_Rock_Smooth_Granite_D.uasset" 558
"R:/UE/Papia_GGJ_2021/Content/StarterContent/Textures/T_Gradinet_01.uasset" 559
"R:/UE/Papia_GGJ_2021/Content/StarterContent/Materials/M_CobbleStone_Smooth.uasset" 560
"R:/UE/Papia_GGJ_2021/Content/mt-materials/PH/holes.uasset" 561
"R:/UE/Papia_GGJ_2021/Content/mt-materials/PH/driver.uasset" 562
"R:/UE/Papia_GGJ_2021/Content/mt-materials/final/CT1/Question_Mark__1_.uasset" 563
"R:/UE/Papia_GGJ_2021/Content/mt-materials/final/CT1/Question_Mark__1__Mat.uasset" 564
"R:/UE/Papia_GGJ_2021/Content/mt-materials/final/CT1/Question_Mark__1__Mat_Inst.uasset" 565
"R:/UE/Papia_GGJ_2021/Content/snake_game/thanks.uasset" 566
"R:/UE/Papia_GGJ_2021/Content/snake_game/game_2_temp__2016_/messanges.uasset" 567
"R:/UE/Papia_GGJ_2021/Content/snake_game/game_2_temp__2016_/Geometries/snake_head_9.uasset" 568
"R:/UE/Papia_GGJ_2021/Content/snake_game/game_2_temp__2016_/Geometries/snake_head_8.uasset" 569
"R:/UE/Papia_GGJ_2021/Content/snake_game/game_2_temp__2016_/Geometries/snake_head_7.uasset" 570
"R:/UE/Papia_GGJ_2021/Content/snake_game/game_2_temp__2016_/Geometries/snake_head_6.uasset" 571
"R:/UE/Papia_GGJ_2021/Content/snake_game/game_2_temp__2016_/Geometries/snake_head_5.uasset" 572
"R:/UE/Papia_GGJ_2021/Content/snake_game/game_2_temp__2016_/Geometries/snake_head_4.uasset" 573
"R:/UE/Papia_GGJ_2021/Content/snake_game/game_2_temp__2016_/Geometries/snake_head_3.uasset" 574
"R:/UE/Papia_GGJ_2021/Content/snake_game/game_2_temp__2016_/Geometries/snake_head_2.uasset" 575
"R:/UE/Papia_GGJ_2021/Content/mt-materials/PH/snake_eye2.uasset" 576
"R:/UE/Papia_GGJ_2021/Content/mt-materials/PH/snake_eye1.uasset" 577
"R:/UE/Papia_GGJ_2021/Content/snake_game/game_2_temp__2016_/Materials/Color_H07.uasset" 578
"R:/UE/Papia_GGJ_2021/Content/snake_game/game_2_temp__2016_/Geometries/snake_head.uasset" 579
"R:/UE/Papia_GGJ_2021/Content/snake_game/game_2_temp__2016_/Geometries/SketchUp_Model_3.uasset" 580
"R:/UE/Papia_GGJ_2021/Content/snake_game/game_2_temp__2016_/Geometries/SketchUp_Model_2.uasset" 581
"R:/UE/Papia_GGJ_2021/Content/snake_game/game_2_temp__2016_/Geometries/SketchUp_Model.uasset" 582
"R:/UE/Papia_GGJ_2021/Content/snake_game/game_2_temp__2016_/Geometries/Group_8.uasset" 583
"R:/UE/Papia_GGJ_2021/Content/snake_game/game_2_temp__2016_/Geometries/Group_6_4.uasset" 584
"R:/UE/Papia_GGJ_2021/Content/snake_game/game_2_temp__2016_/Geometries/Group_6_3.uasset" 585
"R:/UE/Papia_GGJ_2021/Content/snake_game/game_2_temp__2016_/Geometries/Group_6_2.uasset" 586
"R:/UE/Papia_GGJ_2021/Content/snake_game/game_2_temp__2016_/Geometries/Group_6.uasset" 587
"R:/UE/Papia_GGJ_2021/Content/snake_game/game_2_temp__2016_/Geometries/Group_4_4.uasset" 588
"R:/UE/Papia_GGJ_2021/Content/snake_game/game_2_temp__2016_/Geometries/Group_4_3.uasset" 589
"R:/UE/Papia_GGJ_2021/Content/snake_game/game_2_temp__2016_/Geometries/Group_4_2.uasset" 590
"R:/UE/Papia_GGJ_2021/Content/snake_game/game_2_temp__2016_/Geometries/Group_4.uasset" 591
"R:/UE/Papia_GGJ_2021/Content/snake_game/game_2_temp__2016_/Materials/uv_map_5.uasset" 592
"R:/UE/Papia_GGJ_2021/Content/snake_game/game_2_temp__2016_/Geometries/Group_3.uasset" 593
"R:/UE/Papia_GGJ_2021/Content/snake_game/game_2_temp__2016_/Textures/uv_map_reference-uv_map_8.uasset" 594
"R:/UE/Papia_GGJ_2021/Content/snake_game/game_2_temp__2016_/Materials/uv_map_8.uasset" 595
"R:/UE/Papia_GGJ_2021/Content/snake_game/game_2_temp__2016_/Geometries/Group_25_2.uasset" 596
"R:/UE/Papia_GGJ_2021/Content/snake_game/game_2_temp__2016_/Geometries/Group_25.uasset" 597
"R:/UE/Papia_GGJ_2021/Content/snake_game/game_2_temp__2016_/Geometries/Group_21.uasset" 598
"R:/UE/Papia_GGJ_2021/Content/snake_game/game_2_temp__2016_/Geometries/Group_18.uasset" 599
"R:/UE/Papia_GGJ_2021/Content/snake_game/game_2_temp__2016_/Geometries/Group_16.uasset" 600
"R:/UE/Papia_GGJ_2021/Content/snake_game/game_2_temp__2016_/Textures/uv_map_reference-uv_map_7.uasset" 601
"R:/UE/Papia_GGJ_2021/Content/snake_game/game_2_temp__2016_/Materials/uv_map_7.uasset" 602
"R:/UE/Papia_GGJ_2021/Content/snake_game/game_2_temp__2016_/Geometries/Group_15.uasset" 603
"../../../Engine/Content/Functions/Engine_MaterialFunctions01/Opacity/AlphaOffset.uasset" 604
"R:/UE/Papia_GGJ_2021/Content/StarterContent/Materials/M_Wood_Floor_Walnut_Worn.uasset" 605
"R:/UE/Papia_GGJ_2021/Content/snake_game/game_2_temp__2016_/Geometries/Group_14.uasset" 606
"R:/UE/Papia_GGJ_2021/Content/snake_game/game_2_temp__2016_/Geometries/Group_13.uasset" 607
"R:/UE/Papia_GGJ_2021/Content/snake_game/game_2_temp__2016_/Geometries/Group_12_7.uasset" 608
"R:/UE/Papia_GGJ_2021/Content/snake_game/game_2_temp__2016_/Geometries/Group_12_6.uasset" 609
"R:/UE/Papia_GGJ_2021/Content/snake_game/game_2_temp__2016_/Geometries/Group_12_5.uasset" 610
"R:/UE/Papia_GGJ_2021/Content/snake_game/game_2_temp__2016_/Geometries/Group_12_4.uasset" 611
"R:/UE/Papia_GGJ_2021/Content/snake_game/game_2_temp__2016_/Geometries/Group_12_3.uasset" 612
"R:/UE/Papia_GGJ_2021/Content/snake_game/game_2_temp__2016_/Geometries/Group_12_2.uasset" 613
"R:/UE/Papia_GGJ_2021/Content/snake_game/game_2_temp__2016_/Geometries/Group_12.uasset" 614
"R:/UE/Papia_GGJ_2021/Content/snake_game/game_2_temp__2016_/Geometries/Group_11_9.uasset" 615
"R:/UE/Papia_GGJ_2021/Content/snake_game/game_2_temp__2016_/Geometries/Group_11_8.uasset" 616
"R:/UE/Papia_GGJ_2021/Content/mt-content/Sound_Effects/LADNAVAR-BGM-DEMOZ/FIDAKI_0NE.uasset" 617
"R:/UE/Papia_GGJ_2021/Content/mt-content/Sound_Effects/LADNAVAR-BGM-DEMOZ/DEATH_OF_THE_snek_cathedral_1CH1.uasset" 618
"R:/UE/Papia_GGJ_2021/Content/mt-content/Sound_Effects/LADNAVAR-BGM-DEMOZ/AT_THE_TOP_.uasset" 619
"R:/UE/Papia_GGJ_2021/Content/mt-content/Sound_Effects/ZAK-DUCK/Duck.uasset" 620
"R:/UE/Papia_GGJ_2021/Content/mt-content/COIN/Duck_coin_ui.uasset" 621
"R:/UE/Papia_GGJ_2021/Content/mt-content/COIN/duck_coin_mesh.uasset" 622
"R:/UE/Papia_GGJ_2021/Content/mt-materials/PH/duck_coin_2.uasset" 623
"R:/UE/Papia_GGJ_2021/Content/mt-content/COIN/duck_coin.uasset" 624
"R:/UE/Papia_GGJ_2021/Content/mt-content/fire_soul_shadow.uasset" 625
"R:/UE/Papia_GGJ_2021/Content/snake_game/snake_game.umap" 626
"../../../Engine/Content/EditorMeshes/ColorCalibrator/M_GreyBall.uasset" 627
"../../../Engine/Content/EditorMeshes/ColorCalibrator/Color_checker.uasset" 628
"../../../Engine/Content/EditorMeshes/ColorCalibrator/M_ColorGrid.uasset" 629
"../../../Engine/Content/EditorMeshes/ColorCalibrator/M_ClearCoatBlack.uasset" 630
"../../../Engine/Content/EditorMeshes/ColorCalibrator/M_ClearCoat.uasset" 631
"../../../Engine/Content/EditorMeshes/ColorCalibrator/M_ChromeBall.uasset" 632
"../../../Engine/Content/EditorMeshes/ColorCalibrator/SM_ColorCalibrator.uasset" 633
"R:/UE/Papia_GGJ_2021/Content/StarterContent/Maps/Advanced_Lighting_BuiltData.uasset" 634
"R:/UE/Papia_GGJ_2021/Content/StarterContent/HDRI/HDRI_Epic_Courtyard_Daylight.uasset" 635
"../../../Engine/Content/MapTemplates/Sky/DaylightAmbientCubemap.uasset" 636
"R:/UE/Papia_GGJ_2021/Content/StarterContent/Blueprints/Assets/M_LightStage_Skybox_Master.uasset" 637
"R:/UE/Papia_GGJ_2021/Content/StarterContent/Blueprints/Assets/M_LightStage_Skybox_HDRI.uasset" 638
"R:/UE/Papia_GGJ_2021/Content/StarterContent/Blueprints/Assets/M_LightStage_Arrows.uasset" 639
"R:/UE/Papia_GGJ_2021/Content/StarterContent/Blueprints/Assets/SM_Arrows.uasset" 640
"../../../Engine/Content/EditorMaterials/Thumbnails/SkySphereMaterial.uasset" 641
"R:/UE/Papia_GGJ_2021/Content/StarterContent/Blueprints/Assets/Skybox.uasset" 642
"R:/UE/Papia_GGJ_2021/Content/StarterContent/Blueprints/Assets/M_LightStage_Skybox_Black.uasset" 643
"R:/UE/Papia_GGJ_2021/Content/StarterContent/Blueprints/Assets/SunlightColorLUT.uasset" 644
"R:/UE/Papia_GGJ_2021/Content/StarterContent/Blueprints/Assets/FogBrightnessLUT.uasset" 645
"R:/UE/Papia_GGJ_2021/Content/StarterContent/Blueprints/BP_LightStudio.uasset" 646
"R:/UE/Papia_GGJ_2021/Content/StarterContent/Materials/M_AssetPlatform.uasset" 647
"R:/UE/Papia_GGJ_2021/Content/StarterContent/Architecture/SM_AssetPlatform.uasset" 648
"R:/UE/Papia_GGJ_2021/Content/StarterContent/Maps/Advanced_Lighting.umap" 649
"R:/UE/Papia_GGJ_2021/Content/StarterContent/Textures/T_TableRound_N.uasset" 650
"R:/UE/Papia_GGJ_2021/Content/StarterContent/Textures/T_TableRound_M.uasset" 651
"R:/UE/Papia_GGJ_2021/Content/StarterContent/Props/Materials/M_TableRound.uasset" 652
"R:/UE/Papia_GGJ_2021/Content/StarterContent/Props/SM_TableRound.uasset" 653
"R:/UE/Papia_GGJ_2021/Content/StarterContent/Textures/T_Statue_N.uasset" 654
"R:/UE/Papia_GGJ_2021/Content/StarterContent/Textures/T_Statue_M.uasset" 655
"R:/UE/Papia_GGJ_2021/Content/StarterContent/Props/Materials/M_Statue.uasset" 656
"R:/UE/Papia_GGJ_2021/Content/StarterContent/Props/Materials/M_StatueGlass.uasset" 657
"R:/UE/Papia_GGJ_2021/Content/StarterContent/Props/SM_Statue.uasset" 658
"R:/UE/Papia_GGJ_2021/Content/StarterContent/Props/SM_Chair.uasset" 659
"R:/UE/Papia_GGJ_2021/Content/StarterContent/Textures/T_Metal_Copper_D.uasset" 660
"R:/UE/Papia_GGJ_2021/Content/StarterContent/Textures/T_Metal_Gold_N.uasset" 661
"R:/UE/Papia_GGJ_2021/Content/StarterContent/Materials/M_Metal_Copper.uasset" 662
"R:/UE/Papia_GGJ_2021/Content/StarterContent/Textures/T_Metal_Aluminum_D.uasset" 663
"R:/UE/Papia_GGJ_2021/Content/StarterContent/Materials/M_Metal_Burnished_Steel.uasset" 664
"R:/UE/Papia_GGJ_2021/Content/StarterContent/Materials/M_Metal_Brushed_Nickel.uasset" 665
"../../../Engine/Content/EngineSky/T_Sky_Stars.uasset" 666
"../../../Engine/Content/EngineSky/T_Sky_Clouds_M.uasset" 667
"../../../Engine/Content/EngineSky/T_Sky_Blue.uasset" 668
"../../../Engine/Content/EngineSky/M_Sky_Panning_Clouds2.uasset" 669
"R:/UE/Papia_GGJ_2021/Content/StarterContent/Maps/Minimal_Default_BuiltData.uasset" 670
"../../../Engine/Content/EngineSky/SM_SkySphere.uasset" 671
"../../../Engine/Content/EngineSky/C_Sky_Zenith_Color.uasset" 672
"../../../Engine/Content/EngineSky/C_Sky_Horizon_Color.uasset" 673
"../../../Engine/Content/EngineSky/C_Sky_Cloud_Color.uasset" 674
"../../../Engine/Content/EngineSky/BP_Sky_Sphere.uasset" 675
"R:/UE/Papia_GGJ_2021/Content/StarterContent/Audio/Starter_Background_Cue.uasset" 676
"R:/UE/Papia_GGJ_2021/Content/StarterContent/Architecture/Floor_400x400.uasset" 677
"R:/UE/Papia_GGJ_2021/Content/StarterContent/Maps/Minimal_Default.umap" 678
"R:/UE/Papia_GGJ_2021/Content/StarterContent/Shapes/Shape_Sphere.uasset" 679
"R:/UE/Papia_GGJ_2021/Content/StarterContent/Shapes/Shape_QuadPyramid.uasset" 680
"R:/UE/Papia_GGJ_2021/Content/StarterContent/Shapes/Shape_Cube.uasset" 681
"R:/UE/Papia_GGJ_2021/Content/StarterContent/Textures/T_Frame_N.uasset" 682
"R:/UE/Papia_GGJ_2021/Content/StarterContent/Textures/T_Frame_M.uasset" 683
"R:/UE/Papia_GGJ_2021/Content/StarterContent/Props/Materials/M_Frame.uasset" 684
"R:/UE/Papia_GGJ_2021/Content/StarterContent/Props/SM_WindowFrame.uasset" 685
"R:/UE/Papia_GGJ_2021/Content/StarterContent/Props/SM_PillarFrame300.uasset" 686
"R:/UE/Papia_GGJ_2021/Content/StarterContent/Props/SM_PillarFrame.uasset" 687
"R:/UE/Papia_GGJ_2021/Content/StarterContent/Props/SM_GlassWindow.uasset" 688
"R:/UE/Papia_GGJ_2021/Content/StarterContent/Props/SM_DoorFrame.uasset" 689
"R:/UE/Papia_GGJ_2021/Content/StarterContent/Props/SM_CornerFrame.uasset" 690
"R:/UE/Papia_GGJ_2021/Content/StarterContent/Props/MaterialSphere.uasset" 691
"R:/UE/Papia_GGJ_2021/Content/StarterContent/Textures/T_Dust_Particle_D.uasset" 692
"R:/UE/Papia_GGJ_2021/Content/StarterContent/Particles/Materials/M_Dust_Particle.uasset" 693
"R:/UE/Papia_GGJ_2021/Content/StarterContent/Particles/P_Ambient_Dust.uasset" 694
"R:/UE/Papia_GGJ_2021/Content/StarterContent/Textures/T_Wood_Walnut_N.uasset" 695
"R:/UE/Papia_GGJ_2021/Content/StarterContent/Textures/T_Wood_Walnut_D.uasset" 696
"R:/UE/Papia_GGJ_2021/Content/StarterContent/Materials/M_Wood_Walnut.uasset" 697
"R:/UE/Papia_GGJ_2021/Content/StarterContent/Textures/T_Wood_Pine_N.uasset" 698
"R:/UE/Papia_GGJ_2021/Content/StarterContent/Textures/T_Wood_Pine_D.uasset" 699
"R:/UE/Papia_GGJ_2021/Content/StarterContent/Materials/M_Wood_Pine.uasset" 700
"R:/UE/Papia_GGJ_2021/Content/StarterContent/Textures/T_Wood_Oak_N.uasset" 701
"R:/UE/Papia_GGJ_2021/Content/StarterContent/Textures/T_Wood_Oak_D.uasset" 702
"R:/UE/Papia_GGJ_2021/Content/StarterContent/Materials/M_Wood_Oak.uasset" 703
"R:/UE/Papia_GGJ_2021/Content/StarterContent/Textures/T_Water_M.uasset" 704
"R:/UE/Papia_GGJ_2021/Content/StarterContent/Materials/M_Water_Ocean.uasset" 705
"R:/UE/Papia_GGJ_2021/Content/StarterContent/Materials/M_Water_Lake.uasset" 706
"R:/UE/Papia_GGJ_2021/Content/StarterContent/Textures/T_Tech_Panel_N.uasset" 707
"R:/UE/Papia_GGJ_2021/Content/StarterContent/Textures/T_Tech_Panel_M.uasset" 708
"R:/UE/Papia_GGJ_2021/Content/StarterContent/Textures/T_Metal_Steel_D.uasset" 709
"R:/UE/Papia_GGJ_2021/Content/StarterContent/Materials/M_Tech_Panel.uasset" 710
"R:/UE/Papia_GGJ_2021/Content/StarterContent/Textures/T_Tech_Dot_N.uasset" 711
"R:/UE/Papia_GGJ_2021/Content/StarterContent/Textures/T_Tech_Dot_M.uasset" 712
"R:/UE/Papia_GGJ_2021/Content/StarterContent/Textures/T_Single_Tile_N.uasset" 713
"R:/UE/Papia_GGJ_2021/Content/StarterContent/Textures/T_Checker_Noise_M.uasset" 714
"R:/UE/Papia_GGJ_2021/Content/StarterContent/Materials/M_Tech_Checker_Dot.uasset" 715
"R:/UE/Papia_GGJ_2021/Content/StarterContent/Textures/T_Rock_Slate_N.uasset" 716
"R:/UE/Papia_GGJ_2021/Content/StarterContent/Textures/T_Rock_Slate_D.uasset" 717
"R:/UE/Papia_GGJ_2021/Content/StarterContent/Materials/M_Rock_Slate.uasset" 718
"R:/UE/Papia_GGJ_2021/Content/StarterContent/Textures/T_Rock_Sandstone_N.uasset" 719
"R:/UE/Papia_GGJ_2021/Content/StarterContent/Textures/T_Rock_Sandstone_D.uasset" 720
"R:/UE/Papia_GGJ_2021/Content/StarterContent/Materials/M_Rock_Sandstone.uasset" 721
"R:/UE/Papia_GGJ_2021/Content/StarterContent/Textures/T_Rock_Marble_Polished_D.uasset" 722
"R:/UE/Papia_GGJ_2021/Content/StarterContent/Materials/M_Rock_Marble_Polished.uasset" 723
"R:/UE/Papia_GGJ_2021/Content/StarterContent/Textures/T_Rock_Basalt_N.uasset" 724
"R:/UE/Papia_GGJ_2021/Content/StarterContent/Materials/M_Rock_Basalt.uasset" 725
"R:/UE/Papia_GGJ_2021/Content/StarterContent/Textures/T_Metal_Steel_N.uasset" 726
"R:/UE/Papia_GGJ_2021/Content/StarterContent/Materials/M_Metal_Steel.uasset" 727
"R:/UE/Papia_GGJ_2021/Content/StarterContent/Textures/T_Metal_Rust_D.uasset" 728
"R:/UE/Papia_GGJ_2021/Content/StarterContent/Textures/T_Metal_Rust_N.uasset" 729
"R:/UE/Papia_GGJ_2021/Content/StarterContent/Materials/M_Metal_Rust.uasset" 730
"R:/UE/Papia_GGJ_2021/Content/StarterContent/Textures/T_Metal_Gold_D.uasset" 731
"R:/UE/Papia_GGJ_2021/Content/StarterContent/Materials/M_Metal_Gold.uasset" 732
"R:/UE/Papia_GGJ_2021/Content/StarterContent/Materials/M_Metal_Chrome.uasset" 733
"R:/UE/Papia_GGJ_2021/Content/StarterContent/Textures/T_Ground_Moss_N.uasset" 734
"R:/UE/Papia_GGJ_2021/Content/StarterContent/Textures/T_ground_Moss_D.uasset" 735
"R:/UE/Papia_GGJ_2021/Content/StarterContent/Materials/M_Ground_Moss.uasset" 736
"R:/UE/Papia_GGJ_2021/Content/StarterContent/Textures/T_Ground_Gravel_N.uasset" 737
"R:/UE/Papia_GGJ_2021/Content/StarterContent/Textures/T_Ground_Gravel_D.uasset" 738
"R:/UE/Papia_GGJ_2021/Content/StarterContent/Materials/M_Ground_Gravel.uasset" 739
"R:/UE/Papia_GGJ_2021/Content/StarterContent/Textures/T_Ground_Grass_N.uasset" 740
"R:/UE/Papia_GGJ_2021/Content/StarterContent/Textures/T_Ground_Grass_D.uasset" 741
"R:/UE/Papia_GGJ_2021/Content/StarterContent/Materials/M_Ground_Grass.uasset" 742
"R:/UE/Papia_GGJ_2021/Content/StarterContent/Textures/T_Concrete_Tiles_Variation_M.uasset" 743
"R:/UE/Papia_GGJ_2021/Content/StarterContent/Textures/T_Concrete_Tiles_N.uasset" 744
"R:/UE/Papia_GGJ_2021/Content/StarterContent/Textures/T_Concrete_Tiles_M.uasset" 745
"R:/UE/Papia_GGJ_2021/Content/StarterContent/Textures/T_Concrete_Tiles_D.uasset" 746
"R:/UE/Papia_GGJ_2021/Content/StarterContent/Materials/M_Concrete_Tiles.uasset" 747
"R:/UE/Papia_GGJ_2021/Content/StarterContent/Textures/T_Concrete_Panels_N.uasset" 748
"R:/UE/Papia_GGJ_2021/Content/StarterContent/Textures/T_Concrete_Panels_D.uasset" 749
"R:/UE/Papia_GGJ_2021/Content/StarterContent/Materials/M_Concrete_Panels.uasset" 750
"R:/UE/Papia_GGJ_2021/Content/StarterContent/Textures/T_Concrete_Grime_D.uasset" 751
"R:/UE/Papia_GGJ_2021/Content/StarterContent/Materials/M_Concrete_Grime.uasset" 752
"R:/UE/Papia_GGJ_2021/Content/StarterContent/Textures/T_CobbleStone_Rough_N.uasset" 753
"R:/UE/Papia_GGJ_2021/Content/StarterContent/Textures/T_CobbleStone_Rough_D.uasset" 754
"R:/UE/Papia_GGJ_2021/Content/StarterContent/Materials/M_CobbleStone_Rough.uasset" 755
"R:/UE/Papia_GGJ_2021/Content/StarterContent/Textures/T_CobbleStone_Pebble_N.uasset" 756
"R:/UE/Papia_GGJ_2021/Content/StarterContent/Textures/T_CobbleStone_Pebble_M.uasset" 757
"R:/UE/Papia_GGJ_2021/Content/StarterContent/Textures/T_CobbleStone_Pebble_D.uasset" 758
"R:/UE/Papia_GGJ_2021/Content/StarterContent/Materials/M_CobbleStone_Pebble.uasset" 759
"R:/UE/Papia_GGJ_2021/Content/StarterContent/Textures/T_Ceramic_Tile_N.uasset" 760
"R:/UE/Papia_GGJ_2021/Content/StarterContent/Textures/T_Ceramic_Tile_M.uasset" 761
"R:/UE/Papia_GGJ_2021/Content/StarterContent/Materials/M_Ceramic_Tile_Checker.uasset" 762
"R:/UE/Papia_GGJ_2021/Content/StarterContent/Textures/T_Brick_Hewn_Stone_N.uasset" 763
"R:/UE/Papia_GGJ_2021/Content/StarterContent/Textures/T_Brick_Hewn_Stone_M.uasset" 764
"R:/UE/Papia_GGJ_2021/Content/StarterContent/Textures/T_Brick_Hewn_Stone_D.uasset" 765
"R:/UE/Papia_GGJ_2021/Content/StarterContent/Materials/M_Brick_Hewn_Stone.uasset" 766
"R:/UE/Papia_GGJ_2021/Content/StarterContent/Textures/T_Brick_Clay_Old_N.uasset" 767
"R:/UE/Papia_GGJ_2021/Content/StarterContent/Textures/T_Brick_Clay_Old_D.uasset" 768
"R:/UE/Papia_GGJ_2021/Content/StarterContent/Materials/M_Brick_Clay_Old.uasset" 769
"R:/UE/Papia_GGJ_2021/Content/StarterContent/Textures/T_Brick_Clay_New_N.uasset" 770
"R:/UE/Papia_GGJ_2021/Content/StarterContent/Textures/T_Brick_Clay_New_M.uasset" 771
"R:/UE/Papia_GGJ_2021/Content/StarterContent/Textures/T_Brick_Clay_New_D.uasset" 772
"R:/UE/Papia_GGJ_2021/Content/StarterContent/Materials/M_Brick_Clay_New.uasset" 773
"R:/UE/Papia_GGJ_2021/Content/StarterContent/Textures/T_Brick_Clay_Beveled_N.uasset" 774
"R:/UE/Papia_GGJ_2021/Content/StarterContent/Textures/T_Brick_Clay_Beveled_M.uasset" 775
"R:/UE/Papia_GGJ_2021/Content/StarterContent/Textures/T_Brick_Clay_Beveled_D.uasset" 776
"R:/UE/Papia_GGJ_2021/Content/StarterContent/Materials/M_Brick_Clay_Beveled.uasset" 777
"../../../Engine/Content/Functions/Engine_MaterialFunctions03/Procedurals/ComputeFilterWidth.uasset" 778
"../../../Engine/Content/EngineMaterials/AntiAliasedTextMaterialTranslucent.uasset" 779
"R:/UE/Papia_GGJ_2021/Content/StarterContent/Maps/StarterMap_BuiltData.uasset" 780
"R:/UE/Papia_GGJ_2021/Content/StarterContent/Textures/T_Concrete_Poured_N.uasset" 781
"R:/UE/Papia_GGJ_2021/Content/StarterContent/Textures/T_Concrete_Poured_D.uasset" 782
"R:/UE/Papia_GGJ_2021/Content/StarterContent/Materials/M_Concrete_Poured.uasset" 783
"R:/UE/Papia_GGJ_2021/Content/StarterContent/Textures/T_Lamp_N.uasset" 784
"R:/UE/Papia_GGJ_2021/Content/StarterContent/Textures/T_Lamp_M.uasset" 785
"R:/UE/Papia_GGJ_2021/Content/StarterContent/Props/Materials/M_Lamp.uasset" 786
"R:/UE/Papia_GGJ_2021/Content/StarterContent/Props/SM_Lamp_Wall.uasset" 787
"R:/UE/Papia_GGJ_2021/Content/StarterContent/Blueprints/Blueprint_WallSconce.uasset" 788
"R:/UE/Papia_GGJ_2021/Content/StarterContent/Particles/P_Steam_Lit.uasset" 789
"R:/UE/Papia_GGJ_2021/Content/StarterContent/Audio/Steam01_Cue.uasset" 790
"R:/UE/Papia_GGJ_2021/Content/StarterContent/Blueprints/Blueprint_Effect_Steam.uasset" 791
"R:/UE/Papia_GGJ_2021/Content/StarterContent/Textures/T_Spark_Core.uasset" 792
"R:/UE/Papia_GGJ_2021/Content/StarterContent/Particles/Materials/M_Spark.uasset" 793
"R:/UE/Papia_GGJ_2021/Content/StarterContent/Particles/P_Sparks.uasset" 794
"R:/UE/Papia_GGJ_2021/Content/StarterContent/Audio/Fire_Sparks01_Cue.uasset" 795
"R:/UE/Papia_GGJ_2021/Content/StarterContent/Blueprints/Blueprint_Effect_Sparks.uasset" 796
"R:/UE/Papia_GGJ_2021/Content/StarterContent/Particles/P_Smoke.uasset" 797
"R:/UE/Papia_GGJ_2021/Content/StarterContent/Audio/Smoke01_Cue.uasset" 798
"R:/UE/Papia_GGJ_2021/Content/StarterContent/Blueprints/Blueprint_Effect_Smoke.uasset" 799
"R:/UE/Papia_GGJ_2021/Content/StarterContent/Audio/Fire01_Cue.uasset" 800
"R:/UE/Papia_GGJ_2021/Content/StarterContent/Blueprints/Blueprint_Effect_Fire.uasset" 801
"R:/UE/Papia_GGJ_2021/Content/StarterContent/Props/SM_Lamp_Ceiling.uasset" 802
"R:/UE/Papia_GGJ_2021/Content/StarterContent/Blueprints/Blueprint_CeilingLight.uasset" 803
"R:/UE/Papia_GGJ_2021/Content/StarterContent/Audio/Starter_Music_Cue.uasset" 804
"R:/UE/Papia_GGJ_2021/Content/StarterContent/Audio/Collapse_Cue.uasset" 805
"R:/UE/Papia_GGJ_2021/Content/StarterContent/Architecture/Wall_Window_400x300.uasset" 806
"R:/UE/Papia_GGJ_2021/Content/StarterContent/Architecture/Wall_Door_400x300.uasset" 807
"R:/UE/Papia_GGJ_2021/Content/StarterContent/Architecture/Wall_400x200.uasset" 808
"R:/UE/Papia_GGJ_2021/Content/StarterContent/Maps/StarterMap.umap" 809
"../../../Engine/Content/Maps/Entry_BuiltData.uasset" 810
"../../../Engine/Content/Maps/Entry.umap" 811
